[debug] [2024-08-24T20:32:22.422Z] ----------------------------------------------------------------------
[debug] [2024-08-24T20:32:22.424Z] Command:       C:\Program Files\nodejs\node.exe C:\Users\Dell\AppData\Roaming\npm\node_modules\firebase-tools\lib\bin\firebase.js deploy
[debug] [2024-08-24T20:32:22.424Z] CLI Version:   13.15.4
[debug] [2024-08-24T20:32:22.424Z] Platform:      win32
[debug] [2024-08-24T20:32:22.424Z] Node Version:  v22.4.1
[debug] [2024-08-24T20:32:22.424Z] Time:          Sat Aug 24 2024 23:32:22 GMT+0300 (Eastern European Summer Time)
[debug] [2024-08-24T20:32:22.425Z] ----------------------------------------------------------------------
[debug] 
[debug] [2024-08-24T20:32:22.471Z] > command requires scopes: ["email","openid","https://www.googleapis.com/auth/cloudplatformprojects.readonly","https://www.googleapis.com/auth/firebase","https://www.googleapis.com/auth/cloud-platform"]
[debug] [2024-08-24T20:32:22.471Z] > authorizing via signed-in user (filipposfivos@gmail.com)
[debug] [2024-08-24T20:32:22.471Z] [iam] checking project papagalos-drive for permissions ["firebase.projects.get","firebasehosting.sites.update"]
[debug] [2024-08-24T20:32:22.473Z] >>> [apiv2][query] POST https://cloudresourcemanager.googleapis.com/v1/projects/papagalos-drive:testIamPermissions [none]
[debug] [2024-08-24T20:32:22.473Z] >>> [apiv2][(partial)header] POST https://cloudresourcemanager.googleapis.com/v1/projects/papagalos-drive:testIamPermissions x-goog-quota-user=projects/papagalos-drive
[debug] [2024-08-24T20:32:22.473Z] >>> [apiv2][body] POST https://cloudresourcemanager.googleapis.com/v1/projects/papagalos-drive:testIamPermissions {"permissions":["firebase.projects.get","firebasehosting.sites.update"]}
[debug] [2024-08-24T20:32:22.853Z] <<< [apiv2][status] POST https://cloudresourcemanager.googleapis.com/v1/projects/papagalos-drive:testIamPermissions 200
[debug] [2024-08-24T20:32:22.853Z] <<< [apiv2][body] POST https://cloudresourcemanager.googleapis.com/v1/projects/papagalos-drive:testIamPermissions {"permissions":["firebase.projects.get","firebasehosting.sites.update"]}
[debug] [2024-08-24T20:32:22.854Z] >>> [apiv2][query] GET https://firebase.googleapis.com/v1beta1/projects/papagalos-drive [none]
[debug] [2024-08-24T20:32:23.246Z] <<< [apiv2][status] GET https://firebase.googleapis.com/v1beta1/projects/papagalos-drive 200
[debug] [2024-08-24T20:32:23.246Z] <<< [apiv2][body] GET https://firebase.googleapis.com/v1beta1/projects/papagalos-drive {"projectId":"papagalos-drive","projectNumber":"2356431427","displayName":"papagalos-drive","name":"projects/papagalos-drive","resources":{"hostingSite":"papagalos-drive"},"state":"ACTIVE","etag":"1_ba475666-316d-4094-a4de-247c1c0029b4"}
[info] 
[info] === Deploying to 'papagalos-drive'...
[info] 
[info] i  deploying hosting 
[debug] [2024-08-24T20:32:23.254Z] >>> [apiv2][query] POST https://firebasehosting.googleapis.com/v1beta1/projects/-/sites/papagalos-drive/versions [none]
[debug] [2024-08-24T20:32:23.254Z] >>> [apiv2][body] POST https://firebasehosting.googleapis.com/v1beta1/projects/-/sites/papagalos-drive/versions {"status":"CREATED","labels":{"deployment-tool":"cli-firebase"}}
